<?xml version="1.0" encoding="UTF-8"?>
<testng-results ignored="0" total="3" passed="3" failed="0" skipped="0">
  <reporter-output>
  </reporter-output>
  <suite started-at="2024-04-24T11:27:14 IST" name="Default suite" finished-at="2024-04-24T11:27:34 IST" duration-ms="20337">
    <groups>
    </groups>
    <test started-at="2024-04-24T11:27:14 IST" name="Default test" finished-at="2024-04-24T11:27:34 IST" duration-ms="20337">
      <class name="orangehrm.login">
        <test-method is-config="true" signature="navigate_functionality()[pri:0, instance:orangehrm.login@710b18a6]" started-at="2024-04-24T11:27:14 IST" name="navigate_functionality" finished-at="2024-04-24T11:27:20 IST" duration-ms="5616" status="PASS">
          <reporter-output>
          </reporter-output>
        </test-method> <!-- navigate_functionality -->
        <test-method signature="username_functionality()[pri:1, instance:orangehrm.login@710b18a6]" started-at="2024-04-24T11:27:20 IST" name="username_functionality" finished-at="2024-04-24T11:27:27 IST" duration-ms="7677" status="PASS">
          <reporter-output>
          </reporter-output>
        </test-method> <!-- username_functionality -->
        <test-method signature="buzz_functionality()[pri:2, instance:orangehrm.login@710b18a6]" started-at="2024-04-24T11:27:27 IST" name="buzz_functionality" finished-at="2024-04-24T11:27:32 IST" duration-ms="4596" status="PASS">
          <reporter-output>
          </reporter-output>
        </test-method> <!-- buzz_functionality -->
        <test-method signature="buzz_POST()[pri:3, instance:orangehrm.login@710b18a6]" started-at="2024-04-24T11:27:32 IST" name="buzz_POST" finished-at="2024-04-24T11:27:34 IST" duration-ms="2066" status="PASS">
          <reporter-output>
          </reporter-output>
        </test-method> <!-- buzz_POST -->
        <test-method is-config="true" signature="quit_functionality()[pri:0, instance:orangehrm.login@710b18a6]" started-at="2024-04-24T11:27:34 IST" name="quit_functionality" finished-at="2024-04-24T11:27:34 IST" duration-ms="314" status="PASS">
          <reporter-output>
          </reporter-output>
        </test-method> <!-- quit_functionality -->
      </class> <!-- orangehrm.login -->
    </test> <!-- Default test -->
  </suite> <!-- Default suite -->
</testng-results>
